c:\users\yosinori\documents\1604\研究室プログラムサンプル集及び課題2015\vn-100_sample001\debug\main.obj
c:\users\yosinori\documents\1604\研究室プログラムサンプル集及び課題2015\vn-100_sample001\debug\vc100.pdb
c:\users\yosinori\documents\1604\研究室プログラムサンプル集及び課題2015\vn-100_sample001\debug\vn100.obj
c:\users\yosinori\documents\1604\研究室プログラムサンプル集及び課題2015\vn-100_sample001\debug\vncp_services.obj
c:\users\yosin\documents\1604\研究室プログラムサンプル集及び課題2015\vn-100_sample001\debug\main.obj
c:\users\yosin\documents\1604\研究室プログラムサンプル集及び課題2015\vn-100_sample001\debug\vc100.pdb
c:\users\yosin\documents\1604\研究室プログラムサンプル集及び課題2015\vn-100_sample001\debug\vn100.obj
c:\users\yosin\documents\1604\研究室プログラムサンプル集及び課題2015\vn-100_sample001\debug\vncp_services.obj
c:\users\yosinori\documents\1604\研究室プログラムサンプル集及び課題2015\vn-100_sample001\debug\vn-100_sample001.ilk
c:\users\yosinori\documents\1604\研究室プログラムサンプル集及び課題2015\vn-100_sample001\debug\vn-100_sample001.exe
c:\users\yosinori\documents\1604\研究室プログラムサンプル集及び課題2015\vn-100_sample001\debug\vn-100_sample001.exe.intermediate.manifest
c:\users\yosinori\documents\1604\研究室プログラムサンプル集及び課題2015\vn-100_sample001\debug\vn-100_sample001.pdb
c:\users\yosin\documents\1604\研究室プログラムサンプル集及び課題2015\vn-100_sample001\debug\vn-100_sample001.ilk
c:\users\yosin\documents\1604\研究室プログラムサンプル集及び課題2015\vn-100_sample001\debug\vn-100_sample001.exe
c:\users\yosin\documents\1604\研究室プログラムサンプル集及び課題2015\vn-100_sample001\debug\vn-100_sample001.exe.intermediate.manifest
c:\users\yosin\documents\1604\研究室プログラムサンプル集及び課題2015\vn-100_sample001\debug\vn-100_sample001.pdb
c:\users\yosinori\documents\1604\研究室プログラムサンプル集及び課題2015\vn-100_sample001\debug\vn-100_sample001.exe.embed.manifest
c:\users\yosinori\documents\1604\研究室プログラムサンプル集及び課題2015\vn-100_sample001\debug\vn-100_sample001.exe.embed.manifest.res
c:\users\yosin\documents\1604\研究室プログラムサンプル集及び課題2015\vn-100_sample001\debug\vn-100_sample001.exe.embed.manifest.res
c:\users\han jiaxiao\downloads\vn-100_sample001\debug\vc143.pdb
c:\users\han jiaxiao\downloads\vn-100_sample001\debug\vc143.idb
c:\users\han jiaxiao\downloads\vn-100_sample001\debug\main.obj
c:\users\han jiaxiao\downloads\vn-100_sample001\debug\vncp_services.obj
c:\users\han jiaxiao\downloads\vn-100_sample001\debug\vn100.obj
c:\users\han jiaxiao\desktop\vn-100_sample001\debug\vc143.pdb
c:\users\han jiaxiao\desktop\vn-100_sample001\debug\vc143.idb
c:\users\han jiaxiao\desktop\vn-100_sample001\debug\main.obj
c:\users\han jiaxiao\desktop\vn-100_sample001\debug\vncp_services.obj
c:\users\han jiaxiao\desktop\vn-100_sample001\debug\vn100.obj
c:\users\han jiaxiao\desktop\vn-100_sample001\debug\vn-100_sample001.vcxprojresolveassemblyreference.cache
c:\users\han jiaxiao\desktop\vn-100_sample001\debug\cl.command.1.tlog
c:\users\han jiaxiao\desktop\vn-100_sample001\debug\cl.read.1.tlog
c:\users\han jiaxiao\desktop\vn-100_sample001\debug\cl.write.1.tlog
c:\users\han jiaxiao\desktop\vn-100_sample001\debug\link-cvtres.read.1.tlog
c:\users\han jiaxiao\desktop\vn-100_sample001\debug\link-cvtres.write.1.tlog
c:\users\han jiaxiao\desktop\vn-100_sample001\debug\link.8800-cvtres.read.1.tlog
c:\users\han jiaxiao\desktop\vn-100_sample001\debug\link.8800-cvtres.write.1.tlog
c:\users\han jiaxiao\desktop\vn-100_sample001\debug\link.8800.read.1.tlog
c:\users\han jiaxiao\desktop\vn-100_sample001\debug\link.8800.write.1.tlog
c:\users\han jiaxiao\desktop\vn-100_sample001\debug\link.command.1.tlog
c:\users\han jiaxiao\desktop\vn-100_sample001\debug\link.read.1.tlog
c:\users\han jiaxiao\desktop\vn-100_sample001\debug\link.write.1.tlog
c:\users\han jiaxiao\desktop\vn-100_sample001\debug\mt.command.1.tlog
c:\users\han jiaxiao\desktop\vn-100_sample001\debug\mt.read.1.tlog
c:\users\han jiaxiao\desktop\vn-100_sample001\debug\mt.write.1.tlog
c:\users\han jiaxiao\desktop\vn-100_sample001\debug\rc.command.1.tlog
c:\users\han jiaxiao\desktop\vn-100_sample001\debug\rc.read.1.tlog
c:\users\han jiaxiao\desktop\vn-100_sample001\debug\rc.write.1.tlog
c:\users\han jiaxiao\desktop\vn-100_sample001\debug\vn-100_sample001.write.1.tlog
c:\users\han jiaxiao\desktop\vn-100_sample001\debug\vn-100_sample001.exe.embed.manifest
c:\users\han jiaxiao\desktop\vn-100_sample001\debug\vn-100_sample001.exe.intermediate.manifest
c:\users\han jiaxiao\desktop\vn-100_sample001\debug\vn-100_sample001.exe.embed.manifest.res
c:\users\han jiaxiao\desktop\vn-100_sample001\debug\vc100.idb
c:\users\han jiaxiao\desktop\vn-100_sample001\debug\vc100.pdb
c:\users\han jiaxiao\desktop\vn-100_sample001\debug\vn-100_sample001.pdb
c:\users\han jiaxiao\desktop\vn-100_sample001\debug\vn-100_sample001_manifest.rc
c:\users\han jiaxiao\desktop\vn-100_sample001\debug\vn-100_sample001.tlog\cl.command.1.tlog
c:\users\han jiaxiao\desktop\vn-100_sample001\debug\vn-100_sample001.tlog\cl.read.1.tlog
c:\users\han jiaxiao\desktop\vn-100_sample001\debug\vn-100_sample001.tlog\cl.write.1.tlog
c:\users\han jiaxiao\desktop\vn-100_sample001\debug\vn-100_sample001.tlog\link-cvtres.read.1.tlog
c:\users\han jiaxiao\desktop\vn-100_sample001\debug\vn-100_sample001.tlog\link-cvtres.write.1.tlog
c:\users\han jiaxiao\desktop\vn-100_sample001\debug\vn-100_sample001.tlog\link-rc.read.1.tlog
c:\users\han jiaxiao\desktop\vn-100_sample001\debug\vn-100_sample001.tlog\link-rc.write.1.tlog
c:\users\han jiaxiao\desktop\vn-100_sample001\debug\vn-100_sample001.tlog\link.command.1.tlog
c:\users\han jiaxiao\desktop\vn-100_sample001\debug\vn-100_sample001.tlog\link.read.1.tlog
c:\users\han jiaxiao\desktop\vn-100_sample001\debug\vn-100_sample001.tlog\link.write.1.tlog
